生成启动时间为 2019/6/26 13:57:02。
     1>项目“D:\Learn\3Week\C\5\Demo\5-4\5-4\5-4.vcxproj”在节点 2 上(Build 个目标)。
     1>ClCompile:
         C:\Program Files (x86)\Microsoft Visual Studio 12.0\VC\bin\CL.exe /c /ZI /nologo /W3 /WX- /sdl /Od /Oy- /D _MBCS /Gm /EHsc /RTC1 /MDd /GS /fp:precise /Zc:wchar_t /Zc:forScope /Fo"Debug\\" /Fd"Debug\vc120.pdb" /Gd /TC /analyze- /errorReport:prompt main.c "答案.c"
         答案.c
     1>d:\learn\3week\c\5\demo\5-4\5-4\答案.c(39): warning C4013: “strend_end”未定义；假设外部返回 int
     1>d:\learn\3week\c\5\demo\5-4\5-4\答案.c(41): warning C4013: “system”未定义；假设外部返回 int
         main.c
     1>d:\learn\3week\c\5\demo\5-4\5-4\main.c(41): warning C4013: “strend_end1”未定义；假设外部返回 int
     1>d:\learn\3week\c\5\demo\5-4\5-4\main.c(43): warning C4013: “system”未定义；假设外部返回 int
         正在生成代码...
     1>d:\learn\3week\c\5\demo\5-4\5-4\main.c(35): warning C4715: “strend_end”: 不是所有的控件路径都返回值
     1>d:\learn\3week\c\5\demo\5-4\5-4\答案.c(42): warning C4716: “main1”: 必须返回一个值
       Link:
         C:\Program Files (x86)\Microsoft Visual Studio 12.0\VC\bin\link.exe /ERRORREPORT:PROMPT /OUT:"D:\Learn\3Week\C\5\Demo\5-4\Debug\5-4.exe" /INCREMENTAL /NOLOGO kernel32.lib user32.lib gdi32.lib winspool.lib comdlg32.lib advapi32.lib shell32.lib ole32.lib oleaut32.lib uuid.lib odbc32.lib odbccp32.lib /MANIFEST /MANIFESTUAC:"level='asInvoker' uiAccess='false'" /manifest:embed /DEBUG /PDB:"D:\Learn\3Week\C\5\Demo\5-4\Debug\5-4.pdb" /TLBID:1 /DYNAMICBASE /NXCOMPAT /IMPLIB:"D:\Learn\3Week\C\5\Demo\5-4\Debug\5-4.lib" /MACHINE:X86 Debug\main.obj
         "Debug\答案.obj"
         5-4.vcxproj -> D:\Learn\3Week\C\5\Demo\5-4\Debug\5-4.exe
     1>已完成生成项目“D:\Learn\3Week\C\5\Demo\5-4\5-4\5-4.vcxproj”(Build 个目标)的操作。

生成成功。

已用时间 00:00:00.46
