生成启动时间为 2019/6/28 11:51:24。
     1>项目“D:\Learn\3Week\C\5\Demo\课本中的代码实例\课本中的代码实例\课本中的代码实例.vcxproj”在节点 2 上(Build 个目标)。
     1>ClCompile:
         C:\Program Files (x86)\Microsoft Visual Studio 12.0\VC\bin\CL.exe /c /ZI /nologo /W3 /WX- /sdl- /Od /Oy- /D _UNICODE /D UNICODE /Gm /EHsc /RTC1 /MDd /GS /fp:precise /Zc:wchar_t /Zc:forScope /Fo"Debug\\" /Fd"Debug\vc120.pdb" /Gd /TC /analyze- /errorReport:prompt main.c
         main.c
     1>d:\learn\3week\c\5\demo\课本中的代码实例\课本中的代码实例\main.c(9): warning C4047: “=”:“int *”与“int”的间接级别不同
     1>d:\learn\3week\c\5\demo\课本中的代码实例\课本中的代码实例\main.c(11): warning C4013: “system”未定义；假设外部返回 int
     1>d:\learn\3week\c\5\demo\课本中的代码实例\课本中的代码实例\main.c(41): warning C4047: “=”:“int *”与“int”的间接级别不同
     1>d:\learn\3week\c\5\demo\课本中的代码实例\课本中的代码实例\main.c(52): warning C4142: 类型的良性重定义
     1>d:\learn\3week\c\5\demo\课本中的代码实例\课本中的代码实例\main.c(52): warning C4028: 形参 1 与声明不同
     1>d:\learn\3week\c\5\demo\课本中的代码实例\课本中的代码实例\main.c(196): warning C4013: “strcmp_cmp”未定义；假设外部返回 int
     1>d:\learn\3week\c\5\demo\课本中的代码实例\课本中的代码实例\main.c(237): warning C4305: “初始化”: 从“double”到“float”截断
     1>d:\learn\3week\c\5\demo\课本中的代码实例\课本中的代码实例\main.c(268): warning C4047: “=”:“char *”与“int”的间接级别不同
     1>d:\learn\3week\c\5\demo\课本中的代码实例\课本中的代码实例\main.c(271): warning C4047: “=”:“char *”与“char”的间接级别不同
     1>d:\learn\3week\c\5\demo\课本中的代码实例\课本中的代码实例\main.c(275): warning C4047: “=”:“char *”与“char”的间接级别不同
     1>d:\learn\3week\c\5\demo\课本中的代码实例\课本中的代码实例\main.c(138): warning C4716: “main6”: 必须返回一个值
     1>d:\learn\3week\c\5\demo\课本中的代码实例\课本中的代码实例\main.c(160): warning C4716: “main7”: 必须返回一个值
     1>d:\learn\3week\c\5\demo\课本中的代码实例\课本中的代码实例\main.c(230): warning C4716: “main10”: 必须返回一个值
     1>d:\learn\3week\c\5\demo\课本中的代码实例\课本中的代码实例\main.c(301): warning C4716: “main13”: 必须返回一个值
     1>d:\learn\3week\c\5\demo\课本中的代码实例\课本中的代码实例\main.c(326): warning C4716: “main14”: 必须返回一个值
     1>d:\learn\3week\c\5\demo\课本中的代码实例\课本中的代码实例\main.c(343): warning C4716: “main15”: 必须返回一个值
     1>d:\learn\3week\c\5\demo\课本中的代码实例\课本中的代码实例\main.c(359): warning C4716: “main16”: 必须返回一个值
       Link:
         C:\Program Files (x86)\Microsoft Visual Studio 12.0\VC\bin\link.exe /ERRORREPORT:PROMPT /OUT:"D:\Learn\3Week\C\5\Demo\课本中的代码实例\Debug\课本中的代码实例.exe" /INCREMENTAL /NOLOGO kernel32.lib user32.lib gdi32.lib winspool.lib comdlg32.lib advapi32.lib shell32.lib ole32.lib oleaut32.lib uuid.lib odbc32.lib odbccp32.lib /MANIFEST /MANIFESTUAC:"level='asInvoker' uiAccess='false'" /manifest:embed /DEBUG /PDB:"D:\Learn\3Week\C\5\Demo\课本中的代码实例\Debug\课本中的代码实例.pdb" /TLBID:1 /DYNAMICBASE /NXCOMPAT /IMPLIB:"D:\Learn\3Week\C\5\Demo\课本中的代码实例\Debug\课本中的代码实例.lib" /MACHINE:X86 Debug\main.obj
         课本中的代码实例.vcxproj -> D:\Learn\3Week\C\5\Demo\课本中的代码实例\Debug\课本中的代码实例.exe
     1>已完成生成项目“D:\Learn\3Week\C\5\Demo\课本中的代码实例\课本中的代码实例\课本中的代码实例.vcxproj”(Build 个目标)的操作。

生成成功。

已用时间 00:00:00.42
