生成启动时间为 2019/8/24 8:05:42。
     1>项目“F:\Learn\7Week\Windows核心编程\3\Code\Session\Session\Session.vcxproj”在节点 2 上(Build 个目标)。
     1>ClCompile:
         C:\Program Files (x86)\Microsoft Visual Studio 12.0\VC\bin\CL.exe /c /ZI /nologo /W3 /WX- /sdl /Od /Oy- /D _MBCS /Gm /EHsc /RTC1 /MDd /GS /fp:precise /Zc:wchar_t /Zc:forScope /Fo"Debug\\" /Fd"Debug\vc120.pdb" /Gd /TC /analyze- /errorReport:prompt main.c
         main.c
     1>f:\learn\7week\windows核心编程\3\code\session\session\cmnhdr.h(137): error C2143: 语法错误 : 缺少“{”(在“<”的前面)
     1>f:\learn\7week\windows核心编程\3\code\session\session\cmnhdr.h(137): error C2059: 语法错误:“<”
     1>f:\learn\7week\windows核心编程\3\code\session\session\cmnhdr.h(144): error C2143: 语法错误 : 缺少“{”(在“<”的前面)
     1>f:\learn\7week\windows核心编程\3\code\session\session\cmnhdr.h(144): error C2059: 语法错误:“<”
     1>f:\learn\7week\windows核心编程\3\code\session\session\cmnhdr.h(197): warning C4431: 缺少类型说明符 - 假定为 int。注意:  C 不再支持默认 int
     1>f:\learn\7week\windows核心编程\3\code\session\session\cmnhdr.h(197): error C2054: 在“inline”之后应输入“(”
     1>f:\learn\7week\windows核心编程\3\code\session\session\cmnhdr.h(197): error C2085: “chMB”: 不在形参表中
     1>f:\learn\7week\windows核心编程\3\code\session\session\cmnhdr.h(197): error C2143: 语法错误 : 缺少“;”(在“{”的前面)
     1>f:\learn\7week\windows核心编程\3\code\session\session\cmnhdr.h(207): warning C4431: 缺少类型说明符 - 假定为 int。注意:  C 不再支持默认 int
     1>f:\learn\7week\windows核心编程\3\code\session\session\cmnhdr.h(207): error C2054: 在“inline”之后应输入“(”
     1>f:\learn\7week\windows核心编程\3\code\session\session\cmnhdr.h(207): error C2085: “chFAIL”: 不在形参表中
     1>f:\learn\7week\windows核心编程\3\code\session\session\cmnhdr.h(207): error C2143: 语法错误 : 缺少“;”(在“{”的前面)
     1>f:\learn\7week\windows核心编程\3\code\session\session\cmnhdr.h(214): warning C4431: 缺少类型说明符 - 假定为 int。注意:  C 不再支持默认 int
     1>f:\learn\7week\windows核心编程\3\code\session\session\cmnhdr.h(214): error C2054: 在“inline”之后应输入“(”
     1>f:\learn\7week\windows核心编程\3\code\session\session\cmnhdr.h(214): error C2085: “chASSERTFAIL”: 不在形参表中
     1>f:\learn\7week\windows核心编程\3\code\session\session\cmnhdr.h(214): error C2143: 语法错误 : 缺少“;”(在“{”的前面)
     1>f:\learn\7week\windows核心编程\3\code\session\session\cmnhdr.h(252): warning C4431: 缺少类型说明符 - 假定为 int。注意:  C 不再支持默认 int
     1>f:\learn\7week\windows核心编程\3\code\session\session\cmnhdr.h(252): error C2054: 在“inline”之后应输入“(”
     1>f:\learn\7week\windows核心编程\3\code\session\session\cmnhdr.h(252): error C2085: “chSETDLGICONS”: 不在形参表中
     1>f:\learn\7week\windows核心编程\3\code\session\session\cmnhdr.h(252): error C2143: 语法错误 : 缺少“;”(在“{”的前面)
     1>f:\learn\7week\windows核心编程\3\code\session\session\main.c(181): warning C4013: “chSETDLGICONS”未定义；假设外部返回 int
     1>已完成生成项目“F:\Learn\7Week\Windows核心编程\3\Code\Session\Session\Session.vcxproj”(Build 个目标)的操作 - 失败。

生成失败。

已用时间 00:00:00.36
